<?xml version="1.0" encoding="UTF-8"?>
<!-- Generated by org.testng.reporters.JUnitXMLReporter -->
<testsuite hostname="DESKTOP-IA0DLJF" name="TestFirefox" tests="4" failures="2" timestamp="7 May 2019 03:37:53 GMT" time="582.13" errors="0">
  <testcase name="TC5" time="0.362" classname="test.java.com.pulse.Test.ValidLogin3">
    <failure type="java.lang.NoSuchMethodError" message="com.aventstack.extentreports.ExtentTest.assignCategory(Ljava/lang/String;)Lcom/aventstack/extentreports/ExtentTest;">
      <![CDATA[java.lang.NoSuchMethodError: com.aventstack.extentreports.ExtentTest.assignCategory(Ljava/lang/String;)Lcom/aventstack/extentreports/ExtentTest;
	at test.java.com.pulse.Test.ValidLogin3.TC5(ValidLogin3.java:80)
	at java.util.concurrent.FutureTask.run(Unknown Source)
	at java.util.concurrent.ThreadPoolExecutor.runWorker(Unknown Source)
	at java.util.concurrent.ThreadPoolExecutor$Worker.run(Unknown Source)
	at java.lang.Thread.run(Unknown Source)
... Removed 16 stack frames]]>
    </failure>
  </testcase> <!-- TC5 -->
  <testcase name="TC6" time="113.481" classname="test.java.com.pulse.Test.ValidLogin3">
    <failure type="java.lang.AssertionError" message="expected [Hindi News, à¤¹à¤¿à¤‚à¤¦à¥€ à¤¸à¤®à¤¾à¤šà¤¾à¤°, Samachar, Breaking News, Latest Khabar - AajTak] but found [Hindi News, हिंदी समाचार, Samachar, Breaking News, Latest Khabar - AajTak]">
      <![CDATA[java.lang.AssertionError: expected [Hindi News, à¤¹à¤¿à¤‚à¤¦à¥€ à¤¸à¤®à¤¾à¤šà¤¾à¤°, Samachar, Breaking News, Latest Khabar - AajTak] but found [Hindi News, हिंदी समाचार, Samachar, Breaking News, Latest Khabar - AajTak]
	at test.java.com.pulse.Test.ValidLogin3.TC6(ValidLogin3.java:122)
	at java.util.concurrent.FutureTask.run(Unknown Source)
	at java.util.concurrent.ThreadPoolExecutor.runWorker(Unknown Source)
	at java.util.concurrent.ThreadPoolExecutor$Worker.run(Unknown Source)
	at java.lang.Thread.run(Unknown Source)
... Removed 21 stack frames]]>
    </failure>
  </testcase> <!-- TC6 -->
  <testcase name="TC7" time="113.915" classname="test.java.com.pulse.Test.ValidLogin4"/>
  <testcase name="TC8" time="35.656" classname="test.java.com.pulse.Test.ValidLogin4"/>
</testsuite> <!-- TestFirefox -->
